<?xml version="1.0" encoding="UTF-8"?>
<!-- Generated by org.testng.reporters.JUnitXMLReporter -->
<testsuite hostname="INF-L-861906" ignored="0" name="vTigerTest(failed)" tests="2" failures="2" timestamp="14 May 2019 10:55:24 GMT" time="30.21" errors="0">
  <testcase name="loginDDT" time="11.213" classname="com.vTiger.testCases.TestCase_002_DataDriven">
    <failure type="java.lang.AssertionError" message="expected [true] but found [false]">
      <![CDATA[java.lang.AssertionError: expected [true] but found [false]
at com.vTiger.testCases.TestCase_002_DataDriven.loginDDT(TestCase_002_DataDriven.java:27)
... Removed 29 stack frames]]>
    </failure>
  </testcase> <!-- loginDDT -->
  <testcase name="loginDDT" time="11.092" classname="com.vTiger.testCases.TestCase_002_DataDriven">
    <failure type="java.lang.AssertionError" message="expected [true] but found [false]">
      <![CDATA[java.lang.AssertionError: expected [true] but found [false]
at com.vTiger.testCases.TestCase_002_DataDriven.loginDDT(TestCase_002_DataDriven.java:27)
... Removed 29 stack frames]]>
    </failure>
  </testcase> <!-- loginDDT -->
</testsuite> <!-- vTigerTest(failed) -->
