<?xml version="1.0" encoding="UTF-8"?>
<!-- Generated by org.testng.reporters.JUnitXMLReporter -->
<testsuite hostname="DESKTOP-HNA92ND" ignored="0" name="vTigerTest" tests="11" failures="3" timestamp="20 May 2019 12:25:37 GMT" time="230.351" errors="0">
  <testcase name="loginTest" time="18.165" classname="com.vTiger.testCases.TestCase_001"/>
  <testcase name="loginDDT" time="9.568" classname="com.vTiger.testCases.TestCase_002_DataDriven"/>
  <testcase name="loginDDT" time="11.819" classname="com.vTiger.testCases.TestCase_002_DataDriven">
    <failure type="java.lang.AssertionError" message="expected [true] but found [false]">
      <![CDATA[java.lang.AssertionError: expected [true] but found [false]
at com.vTiger.testCases.TestCase_002_DataDriven.loginDDT(TestCase_002_DataDriven.java:27)
... Removed 32 stack frames]]>
    </failure>
  </testcase> <!-- loginDDT -->
  <testcase name="loginDDT" time="7.471" classname="com.vTiger.testCases.TestCase_002_DataDriven"/>
  <testcase name="loginDDT" time="11.979" classname="com.vTiger.testCases.TestCase_002_DataDriven">
    <failure type="java.lang.AssertionError" message="expected [true] but found [false]">
      <![CDATA[java.lang.AssertionError: expected [true] but found [false]
at com.vTiger.testCases.TestCase_002_DataDriven.loginDDT(TestCase_002_DataDriven.java:27)
... Removed 32 stack frames]]>
    </failure>
  </testcase> <!-- loginDDT -->
  <testcase name="createCampaign" time="0.002" classname="com.vTiger.testCases.TC_001LoginNew">
    <failure type="java.io.FileNotFoundException" message="C:\Users\nitin.dubey\Desktop\vTiger\vTigerNew\src\test\java\com\vTiger\testData\LoginData.xlsx (The system cannot find the path specified)">
      <![CDATA[java.io.FileNotFoundException: C:\Users\nitin.dubey\Desktop\vTiger\vTigerNew\src\test\java\com\vTiger\testData\LoginData.xlsx (The system cannot find the path specified)
at java.io.FileInputStream.open0(Native Method)
at java.io.FileInputStream.open(FileInputStream.java:195)
at java.io.FileInputStream.<init>(FileInputStream.java:138)
at java.io.FileInputStream.<init>(FileInputStream.java:93)
at com.vTiger.utilities.ExcelReader.getWorkbook(ExcelReader.java:48)
at com.vTiger.utilities.ExcelReader.getTestCaseData(ExcelReader.java:61)
at com.vTiger.testCases.TC_001LoginNew.createCampaign(TC_001LoginNew.java:47)
... Removed 28 stack frames]]>
    </failure>
  </testcase> <!-- createCampaign -->
  <testcase name="testMethod2" time="0.0" classname="com.vTiger.testCases.TC_001LoginNew"/>
  <testcase name="createCampaignDDT" time="68.656" classname="com.vTiger.testCases.TestCase_003_CreateCampaign"/>
  <testcase name="createCampaignDDT" time="20.091" classname="com.vTiger.testCases.TestCase_003_CreateCampaign"/>
  <testcase name="createCampaignDDT" time="11.923" classname="com.vTiger.testCases.TestCase_003_CreateCampaign"/>
  <testcase name="createCampaignDDT" time="12.509" classname="com.vTiger.testCases.TestCase_003_CreateCampaign"/>
</testsuite> <!-- vTigerTest -->
