<?xml version="1.0" encoding="UTF-8"?>
<testsuite xmlns:xsi="http://www.w3.org/2001/XMLSchema-instance" xsi:schemaLocation="https://maven.apache.org/surefire/maven-surefire-plugin/xsd/surefire-test-report.xsd" name="TestSuite" time="232.685" tests="11" errors="0" skipped="0" failures="3">
  <properties>
[...]
</properties>
  <testcase name="loginTest" classname="com.vTiger.testCases.TestCase_001" time="18.179"/>
  <testcase name="loginDDT" classname="com.vTiger.testCases.TestCase_002_DataDriven" time="9.569"/>
  <testcase name="loginDDT" classname="com.vTiger.testCases.TestCase_002_DataDriven" time="11.886">
    <failure message="expected [true] but found [false]" type="java.lang.AssertionError">java.lang.AssertionError: expected [true] but found [false]
	at com.vTiger.testCases.TestCase_002_DataDriven.loginDDT(TestCase_002_DataDriven.java:27)
</failure>
    <system-out><![CDATA[screenshot taken
]]></system-out>
  </testcase>
  <testcase name="loginDDT" classname="com.vTiger.testCases.TestCase_002_DataDriven" time="7.47"/>
  <testcase name="loginDDT" classname="com.vTiger.testCases.TestCase_002_DataDriven" time="11.98">
    <failure message="expected [true] but found [false]" type="java.lang.AssertionError">java.lang.AssertionError: expected [true] but found [false]
	at com.vTiger.testCases.TestCase_002_DataDriven.loginDDT(TestCase_002_DataDriven.java:27)
</failure>
    <system-out><![CDATA[screenshot taken
]]></system-out>
  </testcase>
  <testcase name="createCampaign" classname="com.vTiger.testCases.TC_001LoginNew" time="0">
    <failure message="C:\Users\nitin.dubey\Desktop\vTiger\vTigerNew\src\test\java\com\vTiger\testData\LoginData.xlsx (The system cannot find the path specified)" type="java.io.FileNotFoundException">java.io.FileNotFoundException: C:\Users\nitin.dubey\Desktop\vTiger\vTigerNew\src\test\java\com\vTiger\testData\LoginData.xlsx (The system cannot find the path specified)
	at com.vTiger.testCases.TC_001LoginNew.createCampaign(TC_001LoginNew.java:47)
</failure>
    <system-out><![CDATA[logger not initialized
logged in
]]></system-out>
    <system-err><![CDATA[Starting ChromeDriver 74.0.3729.6 (255758eccf3d244491b8a1317aa76e1ce10d57e9-refs/branch-heads/3729@{#29}) on port 3671
Only local connections are allowed.
Please protect ports used by ChromeDriver and related test frameworks to prevent access by malicious code.
May 20, 2019 5:53:14 PM org.openqa.selenium.remote.ProtocolHandshake createSession
INFO: Detected dialect: OSS
]]></system-err>
  </testcase>
  <testcase name="testMethod2" classname="com.vTiger.testCases.TC_001LoginNew" time="0.19"/>
  <testcase name="createCampaignDDT" classname="com.vTiger.testCases.TestCase_003_CreateCampaign" time="68.655"/>
  <testcase name="createCampaignDDT" classname="com.vTiger.testCases.TestCase_003_CreateCampaign" time="20.091"/>
  <testcase name="createCampaignDDT" classname="com.vTiger.testCases.TestCase_003_CreateCampaign" time="11.923"/>
  <testcase name="createCampaignDDT" classname="com.vTiger.testCases.TestCase_003_CreateCampaign" time="12.511"/>
</testsuite>